2023-07-02 00:08:11.829 [1;31mERROR[0;39m [35m403 [0;39m --- [main] [, ] [36mo.s.b.SpringApplication[0;39m : Application run failed
org.springframework.boot.context.config.InvalidConfigDataPropertyException: Property 'spring.profiles.include' imported from location 'class path resource [application-db.yml]' is invalid in a profile specific resource [origin: class path resource [application-db.yml] - 3:14]
	at org.springframework.boot.context.config.InvalidConfigDataPropertyException.lambda$throwIfPropertyFound$1(InvalidConfigDataPropertyException.java:121)
	at java.base/java.lang.Iterable.forEach(Iterable.java:75)
	at java.base/java.util.Collections$UnmodifiableCollection.forEach(Collections.java:1092)
	at org.springframework.boot.context.config.InvalidConfigDataPropertyException.throwIfPropertyFound(InvalidConfigDataPropertyException.java:118)
	at org.springframework.boot.context.config.ConfigDataEnvironment.checkForInvalidProperties(ConfigDataEnvironment.java:364)
	at org.springframework.boot.context.config.ConfigDataEnvironment.applyToEnvironment(ConfigDataEnvironment.java:328)
	at org.springframework.boot.context.config.ConfigDataEnvironment.processAndApply(ConfigDataEnvironment.java:235)
	at org.springframework.boot.context.config.ConfigDataEnvironmentPostProcessor.postProcessEnvironment(ConfigDataEnvironmentPostProcessor.java:96)
	at org.springframework.boot.context.config.ConfigDataEnvironmentPostProcessor.postProcessEnvironment(ConfigDataEnvironmentPostProcessor.java:89)
	at org.springframework.boot.env.EnvironmentPostProcessorApplicationListener.onApplicationEnvironmentPreparedEvent(EnvironmentPostProcessorApplicationListener.java:109)
	at org.springframework.boot.env.EnvironmentPostProcessorApplicationListener.onApplicationEvent(EnvironmentPostProcessorApplicationListener.java:94)
	at org.springframework.context.event.SimpleApplicationEventMulticaster.doInvokeListener(SimpleApplicationEventMulticaster.java:172)
	at org.springframework.context.event.SimpleApplicationEventMulticaster.invokeListener(SimpleApplicationEventMulticaster.java:165)
	at org.springframework.context.event.SimpleApplicationEventMulticaster.multicastEvent(SimpleApplicationEventMulticaster.java:143)
	at org.springframework.context.event.SimpleApplicationEventMulticaster.multicastEvent(SimpleApplicationEventMulticaster.java:131)
	at org.springframework.boot.context.event.EventPublishingRunListener.multicastInitialEvent(EventPublishingRunListener.java:136)
	at org.springframework.boot.context.event.EventPublishingRunListener.environmentPrepared(EventPublishingRunListener.java:81)
	at org.springframework.boot.SpringApplicationRunListeners.lambda$environmentPrepared$2(SpringApplicationRunListeners.java:64)
	at java.base/java.lang.Iterable.forEach(Iterable.java:75)
	at org.springframework.boot.SpringApplicationRunListeners.doWithListeners(SpringApplicationRunListeners.java:118)
	at org.springframework.boot.SpringApplicationRunListeners.doWithListeners(SpringApplicationRunListeners.java:112)
	at org.springframework.boot.SpringApplicationRunListeners.environmentPrepared(SpringApplicationRunListeners.java:63)
	at org.springframework.boot.SpringApplication.prepareEnvironment(SpringApplication.java:356)
	at org.springframework.boot.SpringApplication.run(SpringApplication.java:307)
	at org.springframework.boot.SpringApplication.run(SpringApplication.java:1306)
	at org.springframework.boot.SpringApplication.run(SpringApplication.java:1295)
	at com.salgu.salguapi.SalguApiApplication.main(SalguApiApplication.java:10)
2023-07-02 00:11:07.554 [34mINFO [0;39m [35m437 [0;39m --- [main] [, ] [36mc.s.s.SalguApiApplication[0;39m : Starting SalguApiApplication using Java 17.0.6 with PID 6875 (/Users/salgu/project/salgu/salgu-api/build/classes/java/main started by salgu in /Users/salgu/project/salgu/salgu-api)
2023-07-02 00:11:07.556 [34mINFO [0;39m [35m439 [0;39m --- [main] [, ] [36mc.s.s.SalguApiApplication[0;39m : The following 3 profiles are active: "db", "local", "db-local"
2023-07-02 00:11:07.866 [34mINFO [0;39m [35m749 [0;39m --- [main] [, ] [36mo.s.d.r.c.RepositoryConfigurationDelegate[0;39m : Bootstrapping Spring Data JPA repositories in DEFAULT mode.
2023-07-02 00:11:07.884 [34mINFO [0;39m [35m767 [0;39m --- [main] [, ] [36mo.s.d.r.c.RepositoryConfigurationDelegate[0;39m : Finished Spring Data repository scanning in 10 ms. Found 0 JPA repository interfaces.
2023-07-02 00:11:08.149 [34mINFO [0;39m [35m1032[0;39m --- [main] [, ] [36mo.s.b.w.e.t.TomcatWebServer[0;39m : Tomcat initialized with port(s): 9001 (http)
2023-07-02 00:11:08.217 [34mINFO [0;39m [35m1100[0;39m --- [main] [, ] [36mo.s.b.w.s.c.ServletWebServerApplicationContext[0;39m : Root WebApplicationContext: initialization completed in 639 ms
2023-07-02 00:11:08.689 [34mINFO [0;39m [35m1572[0;39m --- [main] [, ] [36mo.s.o.j.p.SpringPersistenceUnitInfo[0;39m : No LoadTimeWeaver setup: ignoring JPA class transformer
2023-07-02 00:11:08.894 [34mINFO [0;39m [35m1777[0;39m --- [main] [, ] [36mo.s.o.j.LocalContainerEntityManagerFactoryBean[0;39m : Initialized JPA EntityManagerFactory for persistence unit 'default'
2023-07-02 00:11:09.118 [34mINFO [0;39m [35m2001[0;39m --- [main] [, ] [36mo.s.b.w.e.t.TomcatWebServer[0;39m : Tomcat started on port(s): 9001 (http) with context path ''
2023-07-02 00:11:09.125 [34mINFO [0;39m [35m2008[0;39m --- [main] [, ] [36mc.s.s.SalguApiApplication[0;39m : Started SalguApiApplication in 1.783 seconds (process running for 2.142)
2023-07-02 00:11:39.434 [34mINFO [0;39m [35m32317[0;39m --- [SpringApplicationShutdownHook] [, ] [36mo.s.o.j.LocalContainerEntityManagerFactoryBean[0;39m : Closing JPA EntityManagerFactory for persistence unit 'default'
2023-07-02 00:13:31.258 [34mINFO [0;39m [35m414 [0;39m --- [main] [, ] [36mc.s.s.SalguApiApplication[0;39m : Starting SalguApiApplication using Java 17.0.6 with PID 6884 (/Users/salgu/project/salgu/salgu-api/build/classes/java/main started by salgu in /Users/salgu/project/salgu/salgu-api)
2023-07-02 00:13:31.259 [34mINFO [0;39m [35m415 [0;39m --- [main] [, ] [36mc.s.s.SalguApiApplication[0;39m : The following 3 profiles are active: "db", "local", "db-local"
2023-07-02 00:13:31.552 [34mINFO [0;39m [35m708 [0;39m --- [main] [, ] [36mo.s.d.r.c.RepositoryConfigurationDelegate[0;39m : Bootstrapping Spring Data JPA repositories in DEFAULT mode.
2023-07-02 00:13:31.568 [34mINFO [0;39m [35m724 [0;39m --- [main] [, ] [36mo.s.d.r.c.RepositoryConfigurationDelegate[0;39m : Finished Spring Data repository scanning in 9 ms. Found 0 JPA repository interfaces.
2023-07-02 00:13:31.816 [34mINFO [0;39m [35m972 [0;39m --- [main] [, ] [36mo.s.b.w.e.t.TomcatWebServer[0;39m : Tomcat initialized with port(s): 9001 (http)
2023-07-02 00:13:31.877 [34mINFO [0;39m [35m1033[0;39m --- [main] [, ] [36mo.s.b.w.s.c.ServletWebServerApplicationContext[0;39m : Root WebApplicationContext: initialization completed in 597 ms
2023-07-02 00:13:32.302 [34mINFO [0;39m [35m1458[0;39m --- [main] [, ] [36mo.s.o.j.p.SpringPersistenceUnitInfo[0;39m : No LoadTimeWeaver setup: ignoring JPA class transformer
2023-07-02 00:13:32.515 [34mINFO [0;39m [35m1671[0;39m --- [main] [, ] [36mo.s.o.j.LocalContainerEntityManagerFactoryBean[0;39m : Initialized JPA EntityManagerFactory for persistence unit 'default'
2023-07-02 00:13:32.718 [34mINFO [0;39m [35m1874[0;39m --- [main] [, ] [36mo.s.b.w.e.t.TomcatWebServer[0;39m : Tomcat started on port(s): 9001 (http) with context path ''
2023-07-02 00:13:32.723 [34mINFO [0;39m [35m1879[0;39m --- [main] [, ] [36mc.s.s.SalguApiApplication[0;39m : Started SalguApiApplication in 1.672 seconds (process running for 2.019)
2023-07-02 00:14:07.831 [34mINFO [0;39m [35m36987[0;39m --- [SpringApplicationShutdownHook] [, ] [36mo.s.o.j.LocalContainerEntityManagerFactoryBean[0;39m : Closing JPA EntityManagerFactory for persistence unit 'default'
2023-07-02 00:14:09.245 [34mINFO [0;39m [35m439 [0;39m --- [main] [, ] [36mc.s.s.SalguApiApplication[0;39m : Starting SalguApiApplication using Java 17.0.6 with PID 6888 (/Users/salgu/project/salgu/salgu-api/build/classes/java/main started by salgu in /Users/salgu/project/salgu/salgu-api)
2023-07-02 00:14:09.246 [34mINFO [0;39m [35m440 [0;39m --- [main] [, ] [36mc.s.s.SalguApiApplication[0;39m : The following 2 profiles are active: "db", "local"
2023-07-02 00:14:09.525 [34mINFO [0;39m [35m719 [0;39m --- [main] [, ] [36mo.s.d.r.c.RepositoryConfigurationDelegate[0;39m : Bootstrapping Spring Data JPA repositories in DEFAULT mode.
2023-07-02 00:14:09.542 [34mINFO [0;39m [35m736 [0;39m --- [main] [, ] [36mo.s.d.r.c.RepositoryConfigurationDelegate[0;39m : Finished Spring Data repository scanning in 10 ms. Found 0 JPA repository interfaces.
2023-07-02 00:14:09.790 [34mINFO [0;39m [35m984 [0;39m --- [main] [, ] [36mo.s.b.w.e.t.TomcatWebServer[0;39m : Tomcat initialized with port(s): 9001 (http)
2023-07-02 00:14:09.852 [34mINFO [0;39m [35m1046[0;39m --- [main] [, ] [36mo.s.b.w.s.c.ServletWebServerApplicationContext[0;39m : Root WebApplicationContext: initialization completed in 587 ms
2023-07-02 00:14:10.270 [34mINFO [0;39m [35m1464[0;39m --- [main] [, ] [36mo.s.o.j.p.SpringPersistenceUnitInfo[0;39m : No LoadTimeWeaver setup: ignoring JPA class transformer
2023-07-02 00:14:10.448 [34mINFO [0;39m [35m1642[0;39m --- [main] [, ] [36mo.s.o.j.LocalContainerEntityManagerFactoryBean[0;39m : Initialized JPA EntityManagerFactory for persistence unit 'default'
2023-07-02 00:14:10.636 [34mINFO [0;39m [35m1830[0;39m --- [main] [, ] [36mo.s.b.w.e.t.TomcatWebServer[0;39m : Tomcat started on port(s): 9001 (http) with context path ''
2023-07-02 00:14:10.641 [34mINFO [0;39m [35m1835[0;39m --- [main] [, ] [36mc.s.s.SalguApiApplication[0;39m : Started SalguApiApplication in 1.65 seconds (process running for 1.954)
2023-07-02 00:14:21.819 [34mINFO [0;39m [35m13013[0;39m --- [SpringApplicationShutdownHook] [, ] [36mo.s.o.j.LocalContainerEntityManagerFactoryBean[0;39m : Closing JPA EntityManagerFactory for persistence unit 'default'
2023-07-02 00:14:22.883 [34mINFO [0;39m [35m461 [0;39m --- [main] [, ] [36mc.s.s.SalguApiApplication[0;39m : Starting SalguApiApplication using Java 17.0.6 with PID 6907 (/Users/salgu/project/salgu/salgu-api/build/classes/java/main started by salgu in /Users/salgu/project/salgu/salgu-api)
2023-07-02 00:14:22.884 [34mINFO [0;39m [35m462 [0;39m --- [main] [, ] [36mc.s.s.SalguApiApplication[0;39m : The following 1 profile is active: "local"
2023-07-02 00:14:23.170 [34mINFO [0;39m [35m748 [0;39m --- [main] [, ] [36mo.s.d.r.c.RepositoryConfigurationDelegate[0;39m : Bootstrapping Spring Data JPA repositories in DEFAULT mode.
2023-07-02 00:14:23.187 [34mINFO [0;39m [35m765 [0;39m --- [main] [, ] [36mo.s.d.r.c.RepositoryConfigurationDelegate[0;39m : Finished Spring Data repository scanning in 11 ms. Found 0 JPA repository interfaces.
2023-07-02 00:14:23.433 [34mINFO [0;39m [35m1011[0;39m --- [main] [, ] [36mo.s.b.w.e.t.TomcatWebServer[0;39m : Tomcat initialized with port(s): 9001 (http)
2023-07-02 00:14:23.487 [34mINFO [0;39m [35m1065[0;39m --- [main] [, ] [36mo.s.b.w.s.c.ServletWebServerApplicationContext[0;39m : Root WebApplicationContext: initialization completed in 579 ms
2023-07-02 00:14:23.530 [31mWARN [0;39m [35m1108[0;39m --- [main] [, ] [36mo.s.b.w.s.c.AnnotationConfigServletWebServerApplicationContext[0;39m : Exception encountered during context initialization - cancelling refresh attempt: org.springframework.beans.factory.UnsatisfiedDependencyException: Error creating bean with name 'dataSourceScriptDatabaseInitializer' defined in class path resource [org/springframework/boot/autoconfigure/sql/init/DataSourceInitializationConfiguration.class]: Unsatisfied dependency expressed through method 'dataSourceScriptDatabaseInitializer' parameter 0: Error creating bean with name 'dataSource' defined in class path resource [org/springframework/boot/autoconfigure/jdbc/DataSourceConfiguration$Hikari.class]: Failed to instantiate [com.zaxxer.hikari.HikariDataSource]: Factory method 'dataSource' threw exception with message: Failed to determine a suitable driver class
2023-07-02 00:14:23.542 [34mINFO [0;39m [35m1120[0;39m --- [main] [, ] [36mo.s.b.a.l.ConditionEvaluationReportLogger[0;39m : 

Error starting ApplicationContext. To display the condition evaluation report re-run your application with 'debug' enabled.
2023-07-02 00:14:23.551 [1;31mERROR[0;39m [35m1129[0;39m --- [main] [, ] [36mo.s.b.d.LoggingFailureAnalysisReporter[0;39m : 

***************************
APPLICATION FAILED TO START
***************************

Description:

Failed to configure a DataSource: 'url' attribute is not specified and no embedded datasource could be configured.

Reason: Failed to determine a suitable driver class


Action:

Consider the following:
	If you want an embedded database (H2, HSQL or Derby), please put it on the classpath.
	If you have database settings to be loaded from a particular profile you may need to activate it (the profiles local are currently active).

2023-07-02 00:14:48.425 [34mINFO [0;39m [35m375 [0;39m --- [main] [, ] [36mc.s.s.SalguApiApplication[0;39m : Starting SalguApiApplication using Java 17.0.6 with PID 6911 (/Users/salgu/project/salgu/salgu-api/build/classes/java/main started by salgu in /Users/salgu/project/salgu/salgu-api)
2023-07-02 00:14:48.427 [34mINFO [0;39m [35m377 [0;39m --- [main] [, ] [36mc.s.s.SalguApiApplication[0;39m : The following 2 profiles are active: "db", "local"
2023-07-02 00:14:48.717 [34mINFO [0;39m [35m667 [0;39m --- [main] [, ] [36mo.s.d.r.c.RepositoryConfigurationDelegate[0;39m : Bootstrapping Spring Data JPA repositories in DEFAULT mode.
2023-07-02 00:14:48.734 [34mINFO [0;39m [35m684 [0;39m --- [main] [, ] [36mo.s.d.r.c.RepositoryConfigurationDelegate[0;39m : Finished Spring Data repository scanning in 11 ms. Found 0 JPA repository interfaces.
2023-07-02 00:14:48.985 [34mINFO [0;39m [35m935 [0;39m --- [main] [, ] [36mo.s.b.w.e.t.TomcatWebServer[0;39m : Tomcat initialized with port(s): 9001 (http)
2023-07-02 00:14:49.048 [34mINFO [0;39m [35m998 [0;39m --- [main] [, ] [36mo.s.b.w.s.c.ServletWebServerApplicationContext[0;39m : Root WebApplicationContext: initialization completed in 599 ms
2023-07-02 00:14:49.497 [34mINFO [0;39m [35m1447[0;39m --- [main] [, ] [36mo.s.o.j.p.SpringPersistenceUnitInfo[0;39m : No LoadTimeWeaver setup: ignoring JPA class transformer
2023-07-02 00:14:49.714 [34mINFO [0;39m [35m1664[0;39m --- [main] [, ] [36mo.s.o.j.LocalContainerEntityManagerFactoryBean[0;39m : Initialized JPA EntityManagerFactory for persistence unit 'default'
2023-07-02 00:14:49.900 [34mINFO [0;39m [35m1850[0;39m --- [main] [, ] [36mo.s.b.w.e.t.TomcatWebServer[0;39m : Tomcat started on port(s): 9001 (http) with context path ''
2023-07-02 00:14:49.906 [34mINFO [0;39m [35m1856[0;39m --- [main] [, ] [36mc.s.s.SalguApiApplication[0;39m : Started SalguApiApplication in 1.673 seconds (process running for 1.983)
2023-07-02 00:15:49.344 [34mINFO [0;39m [35m61294[0;39m --- [SpringApplicationShutdownHook] [, ] [36mo.s.o.j.LocalContainerEntityManagerFactoryBean[0;39m : Closing JPA EntityManagerFactory for persistence unit 'default'
2023-07-02 00:15:50.432 [34mINFO [0;39m [35m366 [0;39m --- [main] [, ] [36mc.s.s.SalguApiApplication[0;39m : Starting SalguApiApplication using Java 17.0.6 with PID 6926 (/Users/salgu/project/salgu/salgu-api/build/classes/java/main started by salgu in /Users/salgu/project/salgu/salgu-api)
2023-07-02 00:15:50.434 [34mINFO [0;39m [35m368 [0;39m --- [main] [, ] [36mc.s.s.SalguApiApplication[0;39m : The following 2 profiles are active: "db", "local"
2023-07-02 00:15:50.710 [34mINFO [0;39m [35m644 [0;39m --- [main] [, ] [36mo.s.d.r.c.RepositoryConfigurationDelegate[0;39m : Bootstrapping Spring Data JPA repositories in DEFAULT mode.
2023-07-02 00:15:50.726 [34mINFO [0;39m [35m660 [0;39m --- [main] [, ] [36mo.s.d.r.c.RepositoryConfigurationDelegate[0;39m : Finished Spring Data repository scanning in 9 ms. Found 0 JPA repository interfaces.
2023-07-02 00:15:50.978 [34mINFO [0;39m [35m912 [0;39m --- [main] [, ] [36mo.s.b.w.e.t.TomcatWebServer[0;39m : Tomcat initialized with port(s): 9001 (http)
2023-07-02 00:15:51.036 [34mINFO [0;39m [35m970 [0;39m --- [main] [, ] [36mo.s.b.w.s.c.ServletWebServerApplicationContext[0;39m : Root WebApplicationContext: initialization completed in 583 ms
2023-07-02 00:15:51.454 [34mINFO [0;39m [35m1388[0;39m --- [main] [, ] [36mo.s.o.j.p.SpringPersistenceUnitInfo[0;39m : No LoadTimeWeaver setup: ignoring JPA class transformer
2023-07-02 00:15:51.641 [34mINFO [0;39m [35m1575[0;39m --- [main] [, ] [36mo.s.o.j.LocalContainerEntityManagerFactoryBean[0;39m : Initialized JPA EntityManagerFactory for persistence unit 'default'
2023-07-02 00:15:51.833 [34mINFO [0;39m [35m1767[0;39m --- [main] [, ] [36mo.s.b.w.e.t.TomcatWebServer[0;39m : Tomcat started on port(s): 9001 (http) with context path ''
2023-07-02 00:15:51.841 [34mINFO [0;39m [35m1775[0;39m --- [main] [, ] [36mc.s.s.SalguApiApplication[0;39m : Started SalguApiApplication in 1.598 seconds (process running for 1.868)
2023-07-02 00:16:12.774 [34mINFO [0;39m [35m22708[0;39m --- [SpringApplicationShutdownHook] [, ] [36mo.s.o.j.LocalContainerEntityManagerFactoryBean[0;39m : Closing JPA EntityManagerFactory for persistence unit 'default'
2023-07-02 00:16:14.137 [34mINFO [0;39m [35m472 [0;39m --- [main] [, ] [36mc.s.s.SalguApiApplication[0;39m : Starting SalguApiApplication using Java 17.0.6 with PID 6932 (/Users/salgu/project/salgu/salgu-api/build/classes/java/main started by salgu in /Users/salgu/project/salgu/salgu-api)
2023-07-02 00:16:14.138 [34mINFO [0;39m [35m473 [0;39m --- [main] [, ] [36mc.s.s.SalguApiApplication[0;39m : The following 2 profiles are active: "db", "dev"
2023-07-02 00:16:14.572 [34mINFO [0;39m [35m907 [0;39m --- [main] [, ] [36mo.s.d.r.c.RepositoryConfigurationDelegate[0;39m : Bootstrapping Spring Data JPA repositories in DEFAULT mode.
2023-07-02 00:16:14.589 [34mINFO [0;39m [35m924 [0;39m --- [main] [, ] [36mo.s.d.r.c.RepositoryConfigurationDelegate[0;39m : Finished Spring Data repository scanning in 10 ms. Found 0 JPA repository interfaces.
2023-07-02 00:16:14.845 [34mINFO [0;39m [35m1180[0;39m --- [main] [, ] [36mo.s.b.w.e.t.TomcatWebServer[0;39m : Tomcat initialized with port(s): 9001 (http)
2023-07-02 00:16:14.909 [34mINFO [0;39m [35m1244[0;39m --- [main] [, ] [36mo.s.b.w.s.c.ServletWebServerApplicationContext[0;39m : Root WebApplicationContext: initialization completed in 749 ms
2023-07-02 00:16:15.352 [34mINFO [0;39m [35m1687[0;39m --- [main] [, ] [36mo.s.o.j.p.SpringPersistenceUnitInfo[0;39m : No LoadTimeWeaver setup: ignoring JPA class transformer
2023-07-02 00:16:15.546 [34mINFO [0;39m [35m1881[0;39m --- [main] [, ] [36mo.s.o.j.LocalContainerEntityManagerFactoryBean[0;39m : Initialized JPA EntityManagerFactory for persistence unit 'default'
2023-07-02 00:16:15.742 [34mINFO [0;39m [35m2077[0;39m --- [main] [, ] [36mo.s.b.w.e.t.TomcatWebServer[0;39m : Tomcat started on port(s): 9001 (http) with context path ''
2023-07-02 00:16:15.750 [34mINFO [0;39m [35m2085[0;39m --- [main] [, ] [36mc.s.s.SalguApiApplication[0;39m : Started SalguApiApplication in 1.825 seconds (process running for 2.21)
2023-07-02 00:16:25.387 [34mINFO [0;39m [35m11722[0;39m --- [SpringApplicationShutdownHook] [, ] [36mo.s.o.j.LocalContainerEntityManagerFactoryBean[0;39m : Closing JPA EntityManagerFactory for persistence unit 'default'
2023-07-02 00:16:26.550 [34mINFO [0;39m [35m473 [0;39m --- [main] [, ] [36mc.s.s.SalguApiApplication[0;39m : Starting SalguApiApplication using Java 17.0.6 with PID 6938 (/Users/salgu/project/salgu/salgu-api/build/classes/java/main started by salgu in /Users/salgu/project/salgu/salgu-api)
2023-07-02 00:16:26.552 [34mINFO [0;39m [35m475 [0;39m --- [main] [, ] [36mc.s.s.SalguApiApplication[0;39m : The following 2 profiles are active: "db", "dev"
2023-07-02 00:16:27.010 [34mINFO [0;39m [35m933 [0;39m --- [main] [, ] [36mo.s.d.r.c.RepositoryConfigurationDelegate[0;39m : Bootstrapping Spring Data JPA repositories in DEFAULT mode.
2023-07-02 00:16:27.028 [34mINFO [0;39m [35m951 [0;39m --- [main] [, ] [36mo.s.d.r.c.RepositoryConfigurationDelegate[0;39m : Finished Spring Data repository scanning in 11 ms. Found 0 JPA repository interfaces.
2023-07-02 00:16:27.287 [34mINFO [0;39m [35m1210[0;39m --- [main] [, ] [36mo.s.b.w.e.t.TomcatWebServer[0;39m : Tomcat initialized with port(s): 9001 (http)
2023-07-02 00:16:27.353 [34mINFO [0;39m [35m1276[0;39m --- [main] [, ] [36mo.s.b.w.s.c.ServletWebServerApplicationContext[0;39m : Root WebApplicationContext: initialization completed in 774 ms
2023-07-02 00:16:28.747 [34mINFO [0;39m [35m2670[0;39m --- [main] [, ] [36mo.s.o.j.p.SpringPersistenceUnitInfo[0;39m : No LoadTimeWeaver setup: ignoring JPA class transformer
2023-07-02 00:16:29.999 [34mINFO [0;39m [35m3922[0;39m --- [main] [, ] [36mo.s.o.j.LocalContainerEntityManagerFactoryBean[0;39m : Initialized JPA EntityManagerFactory for persistence unit 'default'
2023-07-02 00:16:30.326 [34mINFO [0;39m [35m4249[0;39m --- [main] [, ] [36mo.s.b.w.e.t.TomcatWebServer[0;39m : Tomcat started on port(s): 9001 (http) with context path ''
2023-07-02 00:16:30.332 [34mINFO [0;39m [35m4255[0;39m --- [main] [, ] [36mc.s.s.SalguApiApplication[0;39m : Started SalguApiApplication in 4.014 seconds (process running for 4.414)
2023-07-02 00:16:31.706 [34mINFO [0;39m [35m5629[0;39m --- [SpringApplicationShutdownHook] [, ] [36mo.s.o.j.LocalContainerEntityManagerFactoryBean[0;39m : Closing JPA EntityManagerFactory for persistence unit 'default'
2023-07-02 00:16:50.487 [34mINFO [0;39m [35m390 [0;39m --- [main] [, ] [36mc.s.s.SalguApiApplication[0;39m : Starting SalguApiApplication using Java 17.0.6 with PID 6944 (/Users/salgu/project/salgu/salgu-api/build/classes/java/main started by salgu in /Users/salgu/project/salgu/salgu-api)
2023-07-02 00:16:50.488 [34mINFO [0;39m [35m391 [0;39m --- [main] [, ] [36mc.s.s.SalguApiApplication[0;39m : The following 2 profiles are active: "dba", "dev"
2023-07-02 00:16:50.804 [34mINFO [0;39m [35m707 [0;39m --- [main] [, ] [36mo.s.d.r.c.RepositoryConfigurationDelegate[0;39m : Bootstrapping Spring Data JPA repositories in DEFAULT mode.
2023-07-02 00:16:50.822 [34mINFO [0;39m [35m725 [0;39m --- [main] [, ] [36mo.s.d.r.c.RepositoryConfigurationDelegate[0;39m : Finished Spring Data repository scanning in 10 ms. Found 0 JPA repository interfaces.
2023-07-02 00:16:51.098 [34mINFO [0;39m [35m1001[0;39m --- [main] [, ] [36mo.s.b.w.e.t.TomcatWebServer[0;39m : Tomcat initialized with port(s): 9001 (http)
2023-07-02 00:16:51.169 [34mINFO [0;39m [35m1072[0;39m --- [main] [, ] [36mo.s.b.w.s.c.ServletWebServerApplicationContext[0;39m : Root WebApplicationContext: initialization completed in 658 ms
2023-07-02 00:16:51.205 [31mWARN [0;39m [35m1108[0;39m --- [main] [, ] [36mo.s.b.w.s.c.AnnotationConfigServletWebServerApplicationContext[0;39m : Exception encountered during context initialization - cancelling refresh attempt: org.springframework.beans.factory.UnsatisfiedDependencyException: Error creating bean with name 'dataSourceScriptDatabaseInitializer' defined in class path resource [org/springframework/boot/autoconfigure/sql/init/DataSourceInitializationConfiguration.class]: Unsatisfied dependency expressed through method 'dataSourceScriptDatabaseInitializer' parameter 0: Error creating bean with name 'dataSource' defined in class path resource [org/springframework/boot/autoconfigure/jdbc/DataSourceConfiguration$Hikari.class]: Failed to instantiate [com.zaxxer.hikari.HikariDataSource]: Factory method 'dataSource' threw exception with message: Failed to determine a suitable driver class
2023-07-02 00:16:51.216 [34mINFO [0;39m [35m1119[0;39m --- [main] [, ] [36mo.s.b.a.l.ConditionEvaluationReportLogger[0;39m : 

Error starting ApplicationContext. To display the condition evaluation report re-run your application with 'debug' enabled.
2023-07-02 00:16:51.225 [1;31mERROR[0;39m [35m1128[0;39m --- [main] [, ] [36mo.s.b.d.LoggingFailureAnalysisReporter[0;39m : 

***************************
APPLICATION FAILED TO START
***************************

Description:

Failed to configure a DataSource: 'url' attribute is not specified and no embedded datasource could be configured.

Reason: Failed to determine a suitable driver class


Action:

Consider the following:
	If you want an embedded database (H2, HSQL or Derby), please put it on the classpath.
	If you have database settings to be loaded from a particular profile you may need to activate it (the profiles dba,dev are currently active).

2023-07-02 00:17:12.015 [34mINFO [0;39m [35m396 [0;39m --- [main] [, ] [36mc.s.s.SalguApiApplication[0;39m : Starting SalguApiApplication using Java 17.0.6 with PID 6948 (/Users/salgu/project/salgu/salgu-api/build/classes/java/main started by salgu in /Users/salgu/project/salgu/salgu-api)
2023-07-02 00:17:12.017 [34mINFO [0;39m [35m398 [0;39m --- [main] [, ] [36mc.s.s.SalguApiApplication[0;39m : The following 2 profiles are active: "db", "dev"
2023-07-02 00:17:12.334 [34mINFO [0;39m [35m715 [0;39m --- [main] [, ] [36mo.s.d.r.c.RepositoryConfigurationDelegate[0;39m : Bootstrapping Spring Data JPA repositories in DEFAULT mode.
2023-07-02 00:17:12.350 [34mINFO [0;39m [35m731 [0;39m --- [main] [, ] [36mo.s.d.r.c.RepositoryConfigurationDelegate[0;39m : Finished Spring Data repository scanning in 9 ms. Found 0 JPA repository interfaces.
2023-07-02 00:17:12.627 [34mINFO [0;39m [35m1008[0;39m --- [main] [, ] [36mo.s.b.w.e.t.TomcatWebServer[0;39m : Tomcat initialized with port(s): 9001 (http)
2023-07-02 00:17:12.693 [34mINFO [0;39m [35m1074[0;39m --- [main] [, ] [36mo.s.b.w.s.c.ServletWebServerApplicationContext[0;39m : Root WebApplicationContext: initialization completed in 655 ms
2023-07-02 00:17:14.003 [34mINFO [0;39m [35m2384[0;39m --- [main] [, ] [36mo.s.o.j.p.SpringPersistenceUnitInfo[0;39m : No LoadTimeWeaver setup: ignoring JPA class transformer
2023-07-02 00:17:15.166 [34mINFO [0;39m [35m3547[0;39m --- [main] [, ] [36mo.s.o.j.LocalContainerEntityManagerFactoryBean[0;39m : Initialized JPA EntityManagerFactory for persistence unit 'default'
2023-07-02 00:17:15.358 [34mINFO [0;39m [35m3739[0;39m --- [main] [, ] [36mo.s.b.w.e.t.TomcatWebServer[0;39m : Tomcat started on port(s): 9001 (http) with context path ''
2023-07-02 00:17:15.364 [34mINFO [0;39m [35m3745[0;39m --- [main] [, ] [36mc.s.s.SalguApiApplication[0;39m : Started SalguApiApplication in 3.549 seconds (process running for 3.893)
2023-07-02 00:17:20.199 [34mINFO [0;39m [35m8580[0;39m --- [SpringApplicationShutdownHook] [, ] [36mo.s.o.j.LocalContainerEntityManagerFactoryBean[0;39m : Closing JPA EntityManagerFactory for persistence unit 'default'
2023-07-02 13:00:29.447 [34mINFO [0;39m [35m395 [0;39m --- [main] [, ] [36mc.s.s.SalguApiApplication[0;39m : Starting SalguApiApplication using Java 17.0.6 with PID 8500 (/Users/salgu/project/salgu/salgu-api/build/classes/java/main started by salgu in /Users/salgu/project/salgu/salgu-api)
2023-07-02 13:00:29.449 [34mINFO [0;39m [35m397 [0;39m --- [main] [, ] [36mc.s.s.SalguApiApplication[0;39m : The following 2 profiles are active: "db", "dev"
2023-07-02 13:00:29.736 [34mINFO [0;39m [35m684 [0;39m --- [main] [, ] [36mo.s.d.r.c.RepositoryConfigurationDelegate[0;39m : Bootstrapping Spring Data JPA repositories in DEFAULT mode.
2023-07-02 13:00:29.753 [34mINFO [0;39m [35m701 [0;39m --- [main] [, ] [36mo.s.d.r.c.RepositoryConfigurationDelegate[0;39m : Finished Spring Data repository scanning in 10 ms. Found 0 JPA repository interfaces.
2023-07-02 13:00:30.030 [34mINFO [0;39m [35m978 [0;39m --- [main] [, ] [36mo.s.b.w.e.t.TomcatWebServer[0;39m : Tomcat initialized with port(s): 9001 (http)
2023-07-02 13:00:30.097 [34mINFO [0;39m [35m1045[0;39m --- [main] [, ] [36mo.s.b.w.s.c.ServletWebServerApplicationContext[0;39m : Root WebApplicationContext: initialization completed in 628 ms
2023-07-02 13:00:30.574 [34mINFO [0;39m [35m1522[0;39m --- [main] [, ] [36mo.s.o.j.p.SpringPersistenceUnitInfo[0;39m : No LoadTimeWeaver setup: ignoring JPA class transformer
2023-07-02 13:00:30.792 [34mINFO [0;39m [35m1740[0;39m --- [main] [, ] [36mo.s.o.j.LocalContainerEntityManagerFactoryBean[0;39m : Initialized JPA EntityManagerFactory for persistence unit 'default'
2023-07-02 13:00:31.019 [34mINFO [0;39m [35m1967[0;39m --- [main] [, ] [36mo.s.b.w.e.t.TomcatWebServer[0;39m : Tomcat started on port(s): 9001 (http) with context path ''
2023-07-02 13:00:31.025 [34mINFO [0;39m [35m1973[0;39m --- [main] [, ] [36mc.s.s.SalguApiApplication[0;39m : Started SalguApiApplication in 1.771 seconds (process running for 2.063)
2023-07-02 13:00:45.720 [34mINFO [0;39m [35m16668[0;39m --- [http-nio-9001-exec-1] [, ] [36mo.s.w.s.DispatcherServlet[0;39m : Initializing Servlet 'dispatcherServlet'
2023-07-02 13:00:45.725 [34mINFO [0;39m [35m16673[0;39m --- [http-nio-9001-exec-1] [, ] [36mo.s.w.s.DispatcherServlet[0;39m : Completed initialization in 4 ms
2023-07-02 13:00:45.747 [34mINFO [0;39m [35m16695[0;39m --- [http-nio-9001-exec-1] [, ] [36mc.s.s.HelloController[0;39m : HelloController.hello(), hi, dev!
2023-07-02 13:01:05.919 [34mINFO [0;39m [35m36867[0;39m --- [SpringApplicationShutdownHook] [, ] [36mo.s.o.j.LocalContainerEntityManagerFactoryBean[0;39m : Closing JPA EntityManagerFactory for persistence unit 'default'
2023-07-02 13:01:07.078 [34mINFO [0;39m [35m392 [0;39m --- [main] [, ] [36mc.s.s.SalguApiApplication[0;39m : Starting SalguApiApplication using Java 17.0.6 with PID 8517 (/Users/salgu/project/salgu/salgu-api/build/classes/java/main started by salgu in /Users/salgu/project/salgu/salgu-api)
2023-07-02 13:01:07.079 [34mINFO [0;39m [35m393 [0;39m --- [main] [, ] [36mc.s.s.SalguApiApplication[0;39m : The following 2 profiles are active: "db", "local"
2023-07-02 13:01:07.385 [34mINFO [0;39m [35m699 [0;39m --- [main] [, ] [36mo.s.d.r.c.RepositoryConfigurationDelegate[0;39m : Bootstrapping Spring Data JPA repositories in DEFAULT mode.
2023-07-02 13:01:07.405 [34mINFO [0;39m [35m719 [0;39m --- [main] [, ] [36mo.s.d.r.c.RepositoryConfigurationDelegate[0;39m : Finished Spring Data repository scanning in 11 ms. Found 0 JPA repository interfaces.
2023-07-02 13:01:07.675 [34mINFO [0;39m [35m989 [0;39m --- [main] [, ] [36mo.s.b.w.e.t.TomcatWebServer[0;39m : Tomcat initialized with port(s): 9001 (http)
2023-07-02 13:01:07.740 [34mINFO [0;39m [35m1054[0;39m --- [main] [, ] [36mo.s.b.w.s.c.ServletWebServerApplicationContext[0;39m : Root WebApplicationContext: initialization completed in 640 ms
2023-07-02 13:01:08.156 [34mINFO [0;39m [35m1470[0;39m --- [main] [, ] [36mo.s.o.j.p.SpringPersistenceUnitInfo[0;39m : No LoadTimeWeaver setup: ignoring JPA class transformer
2023-07-02 13:01:08.342 [34mINFO [0;39m [35m1656[0;39m --- [main] [, ] [36mo.s.o.j.LocalContainerEntityManagerFactoryBean[0;39m : Initialized JPA EntityManagerFactory for persistence unit 'default'
2023-07-02 13:01:08.527 [34mINFO [0;39m [35m1841[0;39m --- [main] [, ] [36mo.s.b.w.e.t.TomcatWebServer[0;39m : Tomcat started on port(s): 9001 (http) with context path ''
2023-07-02 13:01:08.532 [34mINFO [0;39m [35m1846[0;39m --- [main] [, ] [36mc.s.s.SalguApiApplication[0;39m : Started SalguApiApplication in 1.648 seconds (process running for 1.945)
2023-07-02 13:01:11.422 [34mINFO [0;39m [35m4736[0;39m --- [http-nio-9001-exec-1] [, ] [36mo.s.w.s.DispatcherServlet[0;39m : Initializing Servlet 'dispatcherServlet'
2023-07-02 13:01:11.423 [34mINFO [0;39m [35m4737[0;39m --- [http-nio-9001-exec-1] [, ] [36mo.s.w.s.DispatcherServlet[0;39m : Completed initialization in 1 ms
2023-07-02 13:01:11.435 [34mINFO [0;39m [35m4749[0;39m --- [http-nio-9001-exec-1] [, ] [36mc.s.s.HelloController[0;39m : HelloController.hello(), hi, local!
2023-07-02 13:01:31.254 [34mINFO [0;39m [35m24568[0;39m --- [SpringApplicationShutdownHook] [, ] [36mo.s.o.j.LocalContainerEntityManagerFactoryBean[0;39m : Closing JPA EntityManagerFactory for persistence unit 'default'
2023-07-02 13:01:39.861 [34mINFO [0;39m [35m115 [0;39m --- [Test worker] [, ] [36mo.s.t.c.s.AnnotationConfigContextLoaderUtils[0;39m : Could not detect default configuration classes for test class [com.salgu.salguapi.SalguApiApplicationTests]: SalguApiApplicationTests does not declare any static, non-private, non-final, nested classes annotated with @Configuration.
2023-07-02 13:01:39.907 [34mINFO [0;39m [35m161 [0;39m --- [Test worker] [, ] [36mo.s.b.t.c.SpringBootTestContextBootstrapper[0;39m : Found @SpringBootConfiguration com.salgu.salguapi.SalguApiApplication for test class com.salgu.salguapi.SalguApiApplicationTests
2023-07-02 13:01:40.082 [34mINFO [0;39m [35m336 [0;39m --- [Test worker] [, ] [36mc.s.s.SalguApiApplicationTests[0;39m : Starting SalguApiApplicationTests using Java 17.0.6 with PID 8538 (started by salgu in /Users/salgu/project/salgu/salgu-api)
2023-07-02 13:01:40.083 [34mINFO [0;39m [35m337 [0;39m --- [Test worker] [, ] [36mc.s.s.SalguApiApplicationTests[0;39m : The following 2 profiles are active: "db", "local"
2023-07-02 13:01:40.346 [34mINFO [0;39m [35m600 [0;39m --- [Test worker] [, ] [36mo.s.d.r.c.RepositoryConfigurationDelegate[0;39m : Bootstrapping Spring Data JPA repositories in DEFAULT mode.
2023-07-02 13:01:40.358 [34mINFO [0;39m [35m612 [0;39m --- [Test worker] [, ] [36mo.s.d.r.c.RepositoryConfigurationDelegate[0;39m : Finished Spring Data repository scanning in 8 ms. Found 0 JPA repository interfaces.
2023-07-02 13:01:40.859 [34mINFO [0;39m [35m1113[0;39m --- [Test worker] [, ] [36mo.s.o.j.p.SpringPersistenceUnitInfo[0;39m : No LoadTimeWeaver setup: ignoring JPA class transformer
2023-07-02 13:01:41.036 [34mINFO [0;39m [35m1290[0;39m --- [Test worker] [, ] [36mo.s.o.j.LocalContainerEntityManagerFactoryBean[0;39m : Initialized JPA EntityManagerFactory for persistence unit 'default'
2023-07-02 13:01:41.300 [34mINFO [0;39m [35m1554[0;39m --- [Test worker] [, ] [36mc.s.s.SalguApiApplicationTests[0;39m : Started SalguApiApplicationTests in 1.329 seconds (process running for 1.902)
2023-07-02 13:01:41.646 [34mINFO [0;39m [35m1900[0;39m --- [SpringApplicationShutdownHook] [, ] [36mo.s.o.j.LocalContainerEntityManagerFactoryBean[0;39m : Closing JPA EntityManagerFactory for persistence unit 'default'
2023-07-02 13:06:14.302 [34mINFO [0;39m [35m386 [0;39m --- [main] [, ] [36mc.s.s.SalguApiApplication[0;39m : Starting SalguApiApplication using Java 17.0.6 with PID 8770 (/Users/salgu/project/salgu/salgu-api/build/classes/java/main started by salgu in /Users/salgu/project/salgu/salgu-api)
2023-07-02 13:06:14.304 [34mINFO [0;39m [35m388 [0;39m --- [main] [, ] [36mc.s.s.SalguApiApplication[0;39m : The following 2 profiles are active: "db", "dev"
2023-07-02 13:06:14.654 [34mINFO [0;39m [35m738 [0;39m --- [main] [, ] [36mo.s.d.r.c.RepositoryConfigurationDelegate[0;39m : Bootstrapping Spring Data JPA repositories in DEFAULT mode.
2023-07-02 13:06:14.672 [34mINFO [0;39m [35m756 [0;39m --- [main] [, ] [36mo.s.d.r.c.RepositoryConfigurationDelegate[0;39m : Finished Spring Data repository scanning in 8 ms. Found 0 JPA repository interfaces.
2023-07-02 13:06:14.917 [34mINFO [0;39m [35m1001[0;39m --- [main] [, ] [36mo.s.b.w.e.t.TomcatWebServer[0;39m : Tomcat initialized with port(s): 9001 (http)
2023-07-02 13:06:14.974 [34mINFO [0;39m [35m1058[0;39m --- [main] [, ] [36mo.s.b.w.s.c.ServletWebServerApplicationContext[0;39m : Root WebApplicationContext: initialization completed in 640 ms
2023-07-02 13:06:15.469 [34mINFO [0;39m [35m1553[0;39m --- [main] [, ] [36mo.s.o.j.p.SpringPersistenceUnitInfo[0;39m : No LoadTimeWeaver setup: ignoring JPA class transformer
2023-07-02 13:06:15.698 [34mINFO [0;39m [35m1782[0;39m --- [main] [, ] [36mo.s.o.j.LocalContainerEntityManagerFactoryBean[0;39m : Initialized JPA EntityManagerFactory for persistence unit 'default'
2023-07-02 13:06:15.903 [34mINFO [0;39m [35m1987[0;39m --- [main] [, ] [36mo.s.b.w.e.t.TomcatWebServer[0;39m : Tomcat started on port(s): 9001 (http) with context path ''
2023-07-02 13:06:15.912 [34mINFO [0;39m [35m1996[0;39m --- [main] [, ] [36mc.s.s.SalguApiApplication[0;39m : Started SalguApiApplication in 1.812 seconds (process running for 2.08)
2023-07-02 13:06:23.148 [34mINFO [0;39m [35m9232[0;39m --- [SpringApplicationShutdownHook] [, ] [36mo.s.o.j.LocalContainerEntityManagerFactoryBean[0;39m : Closing JPA EntityManagerFactory for persistence unit 'default'
2023-07-02 13:41:45.499 [34mINFO [0;39m [35m283 [0;39m --- [Test worker] [, ] [36mo.s.t.c.s.AnnotationConfigContextLoaderUtils[0;39m : Could not detect default configuration classes for test class [com.salgu.salguapi.SalguApiApplicationTests]: SalguApiApplicationTests does not declare any static, non-private, non-final, nested classes annotated with @Configuration.
2023-07-02 13:41:45.557 [34mINFO [0;39m [35m341 [0;39m --- [Test worker] [, ] [36mo.s.b.t.c.SpringBootTestContextBootstrapper[0;39m : Found @SpringBootConfiguration com.salgu.salguapi.SalguApiApplication for test class com.salgu.salguapi.SalguApiApplicationTests
2023-07-02 13:41:45.768 [34mINFO [0;39m [35m552 [0;39m --- [Test worker] [, ] [36mc.s.s.SalguApiApplicationTests[0;39m : Starting SalguApiApplicationTests using Java 17.0.6 with PID 11421 (started by salgu in /Users/salgu/project/salgu/salgu-api)
2023-07-02 13:41:45.768 [34mINFO [0;39m [35m552 [0;39m --- [Test worker] [, ] [36mc.s.s.SalguApiApplicationTests[0;39m : The following 2 profiles are active: "db", "local"
2023-07-02 13:41:46.048 [34mINFO [0;39m [35m832 [0;39m --- [Test worker] [, ] [36mo.s.d.r.c.RepositoryConfigurationDelegate[0;39m : Bootstrapping Spring Data JPA repositories in DEFAULT mode.
2023-07-02 13:41:46.069 [34mINFO [0;39m [35m853 [0;39m --- [Test worker] [, ] [36mo.s.d.r.c.RepositoryConfigurationDelegate[0;39m : Finished Spring Data repository scanning in 13 ms. Found 0 JPA repository interfaces.
2023-07-02 13:41:46.652 [34mINFO [0;39m [35m1436[0;39m --- [Test worker] [, ] [36mo.s.o.j.p.SpringPersistenceUnitInfo[0;39m : No LoadTimeWeaver setup: ignoring JPA class transformer
2023-07-02 13:41:46.858 [34mINFO [0;39m [35m1642[0;39m --- [Test worker] [, ] [36mo.s.o.j.LocalContainerEntityManagerFactoryBean[0;39m : Initialized JPA EntityManagerFactory for persistence unit 'default'
2023-07-02 13:41:46.866 [31mWARN [0;39m [35m1650[0;39m --- [Test worker] [, ] [36mo.s.w.c.s.GenericWebApplicationContext[0;39m : Exception encountered during context initialization - cancelling refresh attempt: org.springframework.beans.factory.BeanCreationException: Error creating bean with name 'helloController': Injection of autowired dependencies failed
2023-07-02 13:41:46.866 [34mINFO [0;39m [35m1650[0;39m --- [Test worker] [, ] [36mo.s.o.j.LocalContainerEntityManagerFactoryBean[0;39m : Closing JPA EntityManagerFactory for persistence unit 'default'
2023-07-02 13:41:46.887 [34mINFO [0;39m [35m1671[0;39m --- [Test worker] [, ] [36mo.s.b.a.l.ConditionEvaluationReportLogger[0;39m : 

Error starting ApplicationContext. To display the condition evaluation report re-run your application with 'debug' enabled.
2023-07-02 13:41:46.893 [1;31mERROR[0;39m [35m1677[0;39m --- [Test worker] [, ] [36mo.s.b.SpringApplication[0;39m : Application run failed
org.springframework.beans.factory.BeanCreationException: Error creating bean with name 'helloController': Injection of autowired dependencies failed
	at org.springframework.beans.factory.annotation.AutowiredAnnotationBeanPostProcessor.postProcessProperties(AutowiredAnnotationBeanPostProcessor.java:489)
	at org.springframework.beans.factory.support.AbstractAutowireCapableBeanFactory.populateBean(AbstractAutowireCapableBeanFactory.java:1416)
	at org.springframework.beans.factory.support.AbstractAutowireCapableBeanFactory.doCreateBean(AbstractAutowireCapableBeanFactory.java:597)
	at org.springframework.beans.factory.support.AbstractAutowireCapableBeanFactory.createBean(AbstractAutowireCapableBeanFactory.java:520)
	at org.springframework.beans.factory.support.AbstractBeanFactory.lambda$doGetBean$0(AbstractBeanFactory.java:326)
	at org.springframework.beans.factory.support.DefaultSingletonBeanRegistry.getSingleton(DefaultSingletonBeanRegistry.java:234)
	at org.springframework.beans.factory.support.AbstractBeanFactory.doGetBean(AbstractBeanFactory.java:324)
	at org.springframework.beans.factory.support.AbstractBeanFactory.getBean(AbstractBeanFactory.java:200)
	at org.springframework.beans.factory.support.DefaultListableBeanFactory.preInstantiateSingletons(DefaultListableBeanFactory.java:973)
	at org.springframework.context.support.AbstractApplicationContext.finishBeanFactoryInitialization(AbstractApplicationContext.java:941)
	at org.springframework.context.support.AbstractApplicationContext.refresh(AbstractApplicationContext.java:608)
	at org.springframework.boot.SpringApplication.refresh(SpringApplication.java:734)
	at org.springframework.boot.SpringApplication.refreshContext(SpringApplication.java:436)
	at org.springframework.boot.SpringApplication.run(SpringApplication.java:312)
	at org.springframework.boot.test.context.SpringBootContextLoader.lambda$loadContext$3(SpringBootContextLoader.java:137)
	at org.springframework.util.function.ThrowingSupplier.get(ThrowingSupplier.java:58)
	at org.springframework.util.function.ThrowingSupplier.get(ThrowingSupplier.java:46)
	at org.springframework.boot.SpringApplication.withHook(SpringApplication.java:1406)
	at org.springframework.boot.test.context.SpringBootContextLoader$ContextLoaderHook.run(SpringBootContextLoader.java:545)
	at org.springframework.boot.test.context.SpringBootContextLoader.loadContext(SpringBootContextLoader.java:137)
	at org.springframework.boot.test.context.SpringBootContextLoader.loadContext(SpringBootContextLoader.java:108)
	at org.springframework.test.context.cache.DefaultCacheAwareContextLoaderDelegate.loadContextInternal(DefaultCacheAwareContextLoaderDelegate.java:187)
	at org.springframework.test.context.cache.DefaultCacheAwareContextLoaderDelegate.loadContext(DefaultCacheAwareContextLoaderDelegate.java:119)
	at org.springframework.test.context.support.DefaultTestContext.getApplicationContext(DefaultTestContext.java:127)
	at org.springframework.test.context.web.ServletTestExecutionListener.setUpRequestContextIfNecessary(ServletTestExecutionListener.java:191)
	at org.springframework.test.context.web.ServletTestExecutionListener.prepareTestInstance(ServletTestExecutionListener.java:130)
	at org.springframework.test.context.TestContextManager.prepareTestInstance(TestContextManager.java:241)
	at org.springframework.test.context.junit.jupiter.SpringExtension.postProcessTestInstance(SpringExtension.java:138)
	at org.junit.jupiter.engine.descriptor.ClassBasedTestDescriptor.lambda$invokeTestInstancePostProcessors$10(ClassBasedTestDescriptor.java:377)
	at org.junit.jupiter.engine.descriptor.ClassBasedTestDescriptor.executeAndMaskThrowable(ClassBasedTestDescriptor.java:382)
	at org.junit.jupiter.engine.descriptor.ClassBasedTestDescriptor.lambda$invokeTestInstancePostProcessors$11(ClassBasedTestDescriptor.java:377)
	at java.base/java.util.stream.ReferencePipeline$3$1.accept(ReferencePipeline.java:197)
	at java.base/java.util.stream.ReferencePipeline$2$1.accept(ReferencePipeline.java:179)
	at java.base/java.util.ArrayList$ArrayListSpliterator.forEachRemaining(ArrayList.java:1625)
	at java.base/java.util.stream.AbstractPipeline.copyInto(AbstractPipeline.java:509)
	at java.base/java.util.stream.AbstractPipeline.wrapAndCopyInto(AbstractPipeline.java:499)
	at java.base/java.util.stream.StreamSpliterators$WrappingSpliterator.forEachRemaining(StreamSpliterators.java:310)
	at java.base/java.util.stream.Streams$ConcatSpliterator.forEachRemaining(Streams.java:735)
	at java.base/java.util.stream.Streams$ConcatSpliterator.forEachRemaining(Streams.java:734)
	at java.base/java.util.stream.ReferencePipeline$Head.forEach(ReferencePipeline.java:762)
	at org.junit.jupiter.engine.descriptor.ClassBasedTestDescriptor.invokeTestInstancePostProcessors(ClassBasedTestDescriptor.java:376)
	at org.junit.jupiter.engine.descriptor.ClassBasedTestDescriptor.lambda$instantiateAndPostProcessTestInstance$6(ClassBasedTestDescriptor.java:289)
	at org.junit.platform.engine.support.hierarchical.ThrowableCollector.execute(ThrowableCollector.java:73)
	at org.junit.jupiter.engine.descriptor.ClassBasedTestDescriptor.instantiateAndPostProcessTestInstance(ClassBasedTestDescriptor.java:288)
	at org.junit.jupiter.engine.descriptor.ClassBasedTestDescriptor.lambda$testInstancesProvider$4(ClassBasedTestDescriptor.java:278)
	at java.base/java.util.Optional.orElseGet(Optional.java:364)
	at org.junit.jupiter.engine.descriptor.ClassBasedTestDescriptor.lambda$testInstancesProvider$5(ClassBasedTestDescriptor.java:277)
	at org.junit.jupiter.engine.execution.TestInstancesProvider.getTestInstances(TestInstancesProvider.java:31)
	at org.junit.jupiter.engine.descriptor.TestMethodTestDescriptor.lambda$prepare$0(TestMethodTestDescriptor.java:105)
	at org.junit.platform.engine.support.hierarchical.ThrowableCollector.execute(ThrowableCollector.java:73)
	at org.junit.jupiter.engine.descriptor.TestMethodTestDescriptor.prepare(TestMethodTestDescriptor.java:104)
	at org.junit.jupiter.engine.descriptor.TestMethodTestDescriptor.prepare(TestMethodTestDescriptor.java:68)
	at org.junit.platform.engine.support.hierarchical.NodeTestTask.lambda$prepare$2(NodeTestTask.java:123)
	at org.junit.platform.engine.support.hierarchical.ThrowableCollector.execute(ThrowableCollector.java:73)
	at org.junit.platform.engine.support.hierarchical.NodeTestTask.prepare(NodeTestTask.java:123)
	at org.junit.platform.engine.support.hierarchical.NodeTestTask.execute(NodeTestTask.java:90)
	at java.base/java.util.ArrayList.forEach(ArrayList.java:1511)
	at org.junit.platform.engine.support.hierarchical.SameThreadHierarchicalTestExecutorService.invokeAll(SameThreadHierarchicalTestExecutorService.java:41)
	at org.junit.platform.engine.support.hierarchical.NodeTestTask.lambda$executeRecursively$6(NodeTestTask.java:155)
	at org.junit.platform.engine.support.hierarchical.ThrowableCollector.execute(ThrowableCollector.java:73)
	at org.junit.platform.engine.support.hierarchical.NodeTestTask.lambda$executeRecursively$8(NodeTestTask.java:141)
	at org.junit.platform.engine.support.hierarchical.Node.around(Node.java:137)
	at org.junit.platform.engine.support.hierarchical.NodeTestTask.lambda$executeRecursively$9(NodeTestTask.java:139)
	at org.junit.platform.engine.support.hierarchical.ThrowableCollector.execute(ThrowableCollector.java:73)
	at org.junit.platform.engine.support.hierarchical.NodeTestTask.executeRecursively(NodeTestTask.java:138)
	at org.junit.platform.engine.support.hierarchical.NodeTestTask.execute(NodeTestTask.java:95)
	at java.base/java.util.ArrayList.forEach(ArrayList.java:1511)
	at org.junit.platform.engine.support.hierarchical.SameThreadHierarchicalTestExecutorService.invokeAll(SameThreadHierarchicalTestExecutorService.java:41)
	at org.junit.platform.engine.support.hierarchical.NodeTestTask.lambda$executeRecursively$6(NodeTestTask.java:155)
	at org.junit.platform.engine.support.hierarchical.ThrowableCollector.execute(ThrowableCollector.java:73)
	at org.junit.platform.engine.support.hierarchical.NodeTestTask.lambda$executeRecursively$8(NodeTestTask.java:141)
	at org.junit.platform.engine.support.hierarchical.Node.around(Node.java:137)
	at org.junit.platform.engine.support.hierarchical.NodeTestTask.lambda$executeRecursively$9(NodeTestTask.java:139)
	at org.junit.platform.engine.support.hierarchical.ThrowableCollector.execute(ThrowableCollector.java:73)
	at org.junit.platform.engine.support.hierarchical.NodeTestTask.executeRecursively(NodeTestTask.java:138)
	at org.junit.platform.engine.support.hierarchical.NodeTestTask.execute(NodeTestTask.java:95)
	at org.junit.platform.engine.support.hierarchical.SameThreadHierarchicalTestExecutorService.submit(SameThreadHierarchicalTestExecutorService.java:35)
	at org.junit.platform.engine.support.hierarchical.HierarchicalTestExecutor.execute(HierarchicalTestExecutor.java:57)
	at org.junit.platform.engine.support.hierarchical.HierarchicalTestEngine.execute(HierarchicalTestEngine.java:54)
	at org.junit.platform.launcher.core.EngineExecutionOrchestrator.execute(EngineExecutionOrchestrator.java:107)
	at org.junit.platform.launcher.core.EngineExecutionOrchestrator.execute(EngineExecutionOrchestrator.java:88)
	at org.junit.platform.launcher.core.EngineExecutionOrchestrator.lambda$execute$0(EngineExecutionOrchestrator.java:54)
	at org.junit.platform.launcher.core.EngineExecutionOrchestrator.withInterceptedStreams(EngineExecutionOrchestrator.java:67)
	at org.junit.platform.launcher.core.EngineExecutionOrchestrator.execute(EngineExecutionOrchestrator.java:52)
	at org.junit.platform.launcher.core.DefaultLauncher.execute(DefaultLauncher.java:114)
	at org.junit.platform.launcher.core.DefaultLauncher.execute(DefaultLauncher.java:86)
	at org.junit.platform.launcher.core.DefaultLauncherSession$DelegatingLauncher.execute(DefaultLauncherSession.java:86)
	at org.gradle.api.internal.tasks.testing.junitplatform.JUnitPlatformTestClassProcessor$CollectAllTestClassesExecutor.processAllTestClasses(JUnitPlatformTestClassProcessor.java:110)
	at org.gradle.api.internal.tasks.testing.junitplatform.JUnitPlatformTestClassProcessor$CollectAllTestClassesExecutor.access$000(JUnitPlatformTestClassProcessor.java:90)
	at org.gradle.api.internal.tasks.testing.junitplatform.JUnitPlatformTestClassProcessor.stop(JUnitPlatformTestClassProcessor.java:85)
	at org.gradle.api.internal.tasks.testing.SuiteTestClassProcessor.stop(SuiteTestClassProcessor.java:62)
	at java.base/jdk.internal.reflect.NativeMethodAccessorImpl.invoke0(Native Method)
	at java.base/jdk.internal.reflect.NativeMethodAccessorImpl.invoke(NativeMethodAccessorImpl.java:77)
	at java.base/jdk.internal.reflect.DelegatingMethodAccessorImpl.invoke(DelegatingMethodAccessorImpl.java:43)
	at java.base/java.lang.reflect.Method.invoke(Method.java:568)
	at org.gradle.internal.dispatch.ReflectionDispatch.dispatch(ReflectionDispatch.java:36)
	at org.gradle.internal.dispatch.ReflectionDispatch.dispatch(ReflectionDispatch.java:24)
	at org.gradle.internal.dispatch.ContextClassLoaderDispatch.dispatch(ContextClassLoaderDispatch.java:33)
	at org.gradle.internal.dispatch.ProxyDispatchAdapter$DispatchingInvocationHandler.invoke(ProxyDispatchAdapter.java:94)
	at jdk.proxy1/jdk.proxy1.$Proxy2.stop(Unknown Source)
	at org.gradle.api.internal.tasks.testing.worker.TestWorker$3.run(TestWorker.java:193)
	at org.gradle.api.internal.tasks.testing.worker.TestWorker.executeAndMaintainThreadName(TestWorker.java:129)
	at org.gradle.api.internal.tasks.testing.worker.TestWorker.execute(TestWorker.java:100)
	at org.gradle.api.internal.tasks.testing.worker.TestWorker.execute(TestWorker.java:60)
	at org.gradle.process.internal.worker.child.ActionExecutionWorker.execute(ActionExecutionWorker.java:56)
	at org.gradle.process.internal.worker.child.SystemApplicationClassLoaderWorker.call(SystemApplicationClassLoaderWorker.java:113)
	at org.gradle.process.internal.worker.child.SystemApplicationClassLoaderWorker.call(SystemApplicationClassLoaderWorker.java:65)
	at worker.org.gradle.process.internal.worker.GradleWorkerMain.run(GradleWorkerMain.java:69)
	at worker.org.gradle.process.internal.worker.GradleWorkerMain.main(GradleWorkerMain.java:74)
Caused by: java.lang.IllegalArgumentException: Could not resolve placeholder 'DB_URL' in value "${DB_URL}"
	at org.springframework.util.PropertyPlaceholderHelper.parseStringValue(PropertyPlaceholderHelper.java:180)
	at org.springframework.util.PropertyPlaceholderHelper.replacePlaceholders(PropertyPlaceholderHelper.java:126)
	at org.springframework.core.env.AbstractPropertyResolver.doResolvePlaceholders(AbstractPropertyResolver.java:239)
	at org.springframework.core.env.AbstractPropertyResolver.resolveRequiredPlaceholders(AbstractPropertyResolver.java:210)
	at org.springframework.context.support.PropertySourcesPlaceholderConfigurer.lambda$processProperties$0(PropertySourcesPlaceholderConfigurer.java:191)
	at org.springframework.beans.factory.support.AbstractBeanFactory.resolveEmbeddedValue(AbstractBeanFactory.java:920)
	at org.springframework.beans.factory.support.DefaultListableBeanFactory.doResolveDependency(DefaultListableBeanFactory.java:1358)
	at org.springframework.beans.factory.support.DefaultListableBeanFactory.resolveDependency(DefaultListableBeanFactory.java:1337)
	at org.springframework.beans.factory.annotation.AutowiredAnnotationBeanPostProcessor$AutowiredFieldElement.resolveFieldValue(AutowiredAnnotationBeanPostProcessor.java:711)
	at org.springframework.beans.factory.annotation.AutowiredAnnotationBeanPostProcessor$AutowiredFieldElement.inject(AutowiredAnnotationBeanPostProcessor.java:694)
	at org.springframework.beans.factory.annotation.InjectionMetadata.inject(InjectionMetadata.java:145)
	at org.springframework.beans.factory.annotation.AutowiredAnnotationBeanPostProcessor.postProcessProperties(AutowiredAnnotationBeanPostProcessor.java:483)
	... 108 common frames omitted
2023-07-02 13:41:46.901 [1;31mERROR[0;39m [35m1685[0;39m --- [Test worker] [, ] [36mo.s.t.c.TestContextManager[0;39m : Caught exception while allowing TestExecutionListener [org.springframework.test.context.web.ServletTestExecutionListener] to prepare test instance [com.salgu.salguapi.SalguApiApplicationTests@24b8a393]
java.lang.IllegalStateException: Failed to load ApplicationContext for [WebMergedContextConfiguration@7e2a76be testClass = com.salgu.salguapi.SalguApiApplicationTests, locations = [], classes = [com.salgu.salguapi.SalguApiApplication], contextInitializerClasses = [], activeProfiles = [], propertySourceLocations = [], propertySourceProperties = ["org.springframework.boot.test.context.SpringBootTestContextBootstrapper=true"], contextCustomizers = [org.springframework.boot.test.autoconfigure.actuate.observability.ObservabilityContextCustomizerFactory$DisableObservabilityContextCustomizer@1f, org.springframework.boot.test.autoconfigure.properties.PropertyMappingContextCustomizer@0, org.springframework.boot.test.autoconfigure.web.servlet.WebDriverContextCustomizerFactory$Customizer@55e8ec2f, org.springframework.boot.test.context.filter.ExcludeFilterContextCustomizer@878452d, org.springframework.boot.test.json.DuplicateJsonObjectContextCustomizerFactory$DuplicateJsonObjectContextCustomizer@5b080f3a, org.springframework.boot.test.mock.mockito.MockitoContextCustomizer@0, org.springframework.boot.test.web.client.TestRestTemplateContextCustomizer@6ca0256d, org.springframework.boot.test.context.SpringBootTestAnnotation@5868b690], resourceBasePath = "src/main/webapp", contextLoader = org.springframework.boot.test.context.SpringBootContextLoader, parent = null]
	at org.springframework.test.context.cache.DefaultCacheAwareContextLoaderDelegate.loadContext(DefaultCacheAwareContextLoaderDelegate.java:143)
	at org.springframework.test.context.support.DefaultTestContext.getApplicationContext(DefaultTestContext.java:127)
	at org.springframework.test.context.web.ServletTestExecutionListener.setUpRequestContextIfNecessary(ServletTestExecutionListener.java:191)
	at org.springframework.test.context.web.ServletTestExecutionListener.prepareTestInstance(ServletTestExecutionListener.java:130)
	at org.springframework.test.context.TestContextManager.prepareTestInstance(TestContextManager.java:241)
	at org.springframework.test.context.junit.jupiter.SpringExtension.postProcessTestInstance(SpringExtension.java:138)
	at org.junit.jupiter.engine.descriptor.ClassBasedTestDescriptor.lambda$invokeTestInstancePostProcessors$10(ClassBasedTestDescriptor.java:377)
	at org.junit.jupiter.engine.descriptor.ClassBasedTestDescriptor.executeAndMaskThrowable(ClassBasedTestDescriptor.java:382)
	at org.junit.jupiter.engine.descriptor.ClassBasedTestDescriptor.lambda$invokeTestInstancePostProcessors$11(ClassBasedTestDescriptor.java:377)
	at java.base/java.util.stream.ReferencePipeline$3$1.accept(ReferencePipeline.java:197)
	at java.base/java.util.stream.ReferencePipeline$2$1.accept(ReferencePipeline.java:179)
	at java.base/java.util.ArrayList$ArrayListSpliterator.forEachRemaining(ArrayList.java:1625)
	at java.base/java.util.stream.AbstractPipeline.copyInto(AbstractPipeline.java:509)
	at java.base/java.util.stream.AbstractPipeline.wrapAndCopyInto(AbstractPipeline.java:499)
	at java.base/java.util.stream.StreamSpliterators$WrappingSpliterator.forEachRemaining(StreamSpliterators.java:310)
	at java.base/java.util.stream.Streams$ConcatSpliterator.forEachRemaining(Streams.java:735)
	at java.base/java.util.stream.Streams$ConcatSpliterator.forEachRemaining(Streams.java:734)
	at java.base/java.util.stream.ReferencePipeline$Head.forEach(ReferencePipeline.java:762)
	at org.junit.jupiter.engine.descriptor.ClassBasedTestDescriptor.invokeTestInstancePostProcessors(ClassBasedTestDescriptor.java:376)
	at org.junit.jupiter.engine.descriptor.ClassBasedTestDescriptor.lambda$instantiateAndPostProcessTestInstance$6(ClassBasedTestDescriptor.java:289)
	at org.junit.platform.engine.support.hierarchical.ThrowableCollector.execute(ThrowableCollector.java:73)
	at org.junit.jupiter.engine.descriptor.ClassBasedTestDescriptor.instantiateAndPostProcessTestInstance(ClassBasedTestDescriptor.java:288)
	at org.junit.jupiter.engine.descriptor.ClassBasedTestDescriptor.lambda$testInstancesProvider$4(ClassBasedTestDescriptor.java:278)
	at java.base/java.util.Optional.orElseGet(Optional.java:364)
	at org.junit.jupiter.engine.descriptor.ClassBasedTestDescriptor.lambda$testInstancesProvider$5(ClassBasedTestDescriptor.java:277)
	at org.junit.jupiter.engine.execution.TestInstancesProvider.getTestInstances(TestInstancesProvider.java:31)
	at org.junit.jupiter.engine.descriptor.TestMethodTestDescriptor.lambda$prepare$0(TestMethodTestDescriptor.java:105)
	at org.junit.platform.engine.support.hierarchical.ThrowableCollector.execute(ThrowableCollector.java:73)
	at org.junit.jupiter.engine.descriptor.TestMethodTestDescriptor.prepare(TestMethodTestDescriptor.java:104)
	at org.junit.jupiter.engine.descriptor.TestMethodTestDescriptor.prepare(TestMethodTestDescriptor.java:68)
	at org.junit.platform.engine.support.hierarchical.NodeTestTask.lambda$prepare$2(NodeTestTask.java:123)
	at org.junit.platform.engine.support.hierarchical.ThrowableCollector.execute(ThrowableCollector.java:73)
	at org.junit.platform.engine.support.hierarchical.NodeTestTask.prepare(NodeTestTask.java:123)
	at org.junit.platform.engine.support.hierarchical.NodeTestTask.execute(NodeTestTask.java:90)
	at java.base/java.util.ArrayList.forEach(ArrayList.java:1511)
	at org.junit.platform.engine.support.hierarchical.SameThreadHierarchicalTestExecutorService.invokeAll(SameThreadHierarchicalTestExecutorService.java:41)
	at org.junit.platform.engine.support.hierarchical.NodeTestTask.lambda$executeRecursively$6(NodeTestTask.java:155)
	at org.junit.platform.engine.support.hierarchical.ThrowableCollector.execute(ThrowableCollector.java:73)
	at org.junit.platform.engine.support.hierarchical.NodeTestTask.lambda$executeRecursively$8(NodeTestTask.java:141)
	at org.junit.platform.engine.support.hierarchical.Node.around(Node.java:137)
	at org.junit.platform.engine.support.hierarchical.NodeTestTask.lambda$executeRecursively$9(NodeTestTask.java:139)
	at org.junit.platform.engine.support.hierarchical.ThrowableCollector.execute(ThrowableCollector.java:73)
	at org.junit.platform.engine.support.hierarchical.NodeTestTask.executeRecursively(NodeTestTask.java:138)
	at org.junit.platform.engine.support.hierarchical.NodeTestTask.execute(NodeTestTask.java:95)
	at java.base/java.util.ArrayList.forEach(ArrayList.java:1511)
	at org.junit.platform.engine.support.hierarchical.SameThreadHierarchicalTestExecutorService.invokeAll(SameThreadHierarchicalTestExecutorService.java:41)
	at org.junit.platform.engine.support.hierarchical.NodeTestTask.lambda$executeRecursively$6(NodeTestTask.java:155)
	at org.junit.platform.engine.support.hierarchical.ThrowableCollector.execute(ThrowableCollector.java:73)
	at org.junit.platform.engine.support.hierarchical.NodeTestTask.lambda$executeRecursively$8(NodeTestTask.java:141)
	at org.junit.platform.engine.support.hierarchical.Node.around(Node.java:137)
	at org.junit.platform.engine.support.hierarchical.NodeTestTask.lambda$executeRecursively$9(NodeTestTask.java:139)
	at org.junit.platform.engine.support.hierarchical.ThrowableCollector.execute(ThrowableCollector.java:73)
	at org.junit.platform.engine.support.hierarchical.NodeTestTask.executeRecursively(NodeTestTask.java:138)
	at org.junit.platform.engine.support.hierarchical.NodeTestTask.execute(NodeTestTask.java:95)
	at org.junit.platform.engine.support.hierarchical.SameThreadHierarchicalTestExecutorService.submit(SameThreadHierarchicalTestExecutorService.java:35)
	at org.junit.platform.engine.support.hierarchical.HierarchicalTestExecutor.execute(HierarchicalTestExecutor.java:57)
	at org.junit.platform.engine.support.hierarchical.HierarchicalTestEngine.execute(HierarchicalTestEngine.java:54)
	at org.junit.platform.launcher.core.EngineExecutionOrchestrator.execute(EngineExecutionOrchestrator.java:107)
	at org.junit.platform.launcher.core.EngineExecutionOrchestrator.execute(EngineExecutionOrchestrator.java:88)
	at org.junit.platform.launcher.core.EngineExecutionOrchestrator.lambda$execute$0(EngineExecutionOrchestrator.java:54)
	at org.junit.platform.launcher.core.EngineExecutionOrchestrator.withInterceptedStreams(EngineExecutionOrchestrator.java:67)
	at org.junit.platform.launcher.core.EngineExecutionOrchestrator.execute(EngineExecutionOrchestrator.java:52)
	at org.junit.platform.launcher.core.DefaultLauncher.execute(DefaultLauncher.java:114)
	at org.junit.platform.launcher.core.DefaultLauncher.execute(DefaultLauncher.java:86)
	at org.junit.platform.launcher.core.DefaultLauncherSession$DelegatingLauncher.execute(DefaultLauncherSession.java:86)
	at org.gradle.api.internal.tasks.testing.junitplatform.JUnitPlatformTestClassProcessor$CollectAllTestClassesExecutor.processAllTestClasses(JUnitPlatformTestClassProcessor.java:110)
	at org.gradle.api.internal.tasks.testing.junitplatform.JUnitPlatformTestClassProcessor$CollectAllTestClassesExecutor.access$000(JUnitPlatformTestClassProcessor.java:90)
	at org.gradle.api.internal.tasks.testing.junitplatform.JUnitPlatformTestClassProcessor.stop(JUnitPlatformTestClassProcessor.java:85)
	at org.gradle.api.internal.tasks.testing.SuiteTestClassProcessor.stop(SuiteTestClassProcessor.java:62)
	at java.base/jdk.internal.reflect.NativeMethodAccessorImpl.invoke0(Native Method)
	at java.base/jdk.internal.reflect.NativeMethodAccessorImpl.invoke(NativeMethodAccessorImpl.java:77)
	at java.base/jdk.internal.reflect.DelegatingMethodAccessorImpl.invoke(DelegatingMethodAccessorImpl.java:43)
	at java.base/java.lang.reflect.Method.invoke(Method.java:568)
	at org.gradle.internal.dispatch.ReflectionDispatch.dispatch(ReflectionDispatch.java:36)
	at org.gradle.internal.dispatch.ReflectionDispatch.dispatch(ReflectionDispatch.java:24)
	at org.gradle.internal.dispatch.ContextClassLoaderDispatch.dispatch(ContextClassLoaderDispatch.java:33)
	at org.gradle.internal.dispatch.ProxyDispatchAdapter$DispatchingInvocationHandler.invoke(ProxyDispatchAdapter.java:94)
	at jdk.proxy1/jdk.proxy1.$Proxy2.stop(Unknown Source)
	at org.gradle.api.internal.tasks.testing.worker.TestWorker$3.run(TestWorker.java:193)
	at org.gradle.api.internal.tasks.testing.worker.TestWorker.executeAndMaintainThreadName(TestWorker.java:129)
	at org.gradle.api.internal.tasks.testing.worker.TestWorker.execute(TestWorker.java:100)
	at org.gradle.api.internal.tasks.testing.worker.TestWorker.execute(TestWorker.java:60)
	at org.gradle.process.internal.worker.child.ActionExecutionWorker.execute(ActionExecutionWorker.java:56)
	at org.gradle.process.internal.worker.child.SystemApplicationClassLoaderWorker.call(SystemApplicationClassLoaderWorker.java:113)
	at org.gradle.process.internal.worker.child.SystemApplicationClassLoaderWorker.call(SystemApplicationClassLoaderWorker.java:65)
	at worker.org.gradle.process.internal.worker.GradleWorkerMain.run(GradleWorkerMain.java:69)
	at worker.org.gradle.process.internal.worker.GradleWorkerMain.main(GradleWorkerMain.java:74)
Caused by: org.springframework.beans.factory.BeanCreationException: Error creating bean with name 'helloController': Injection of autowired dependencies failed
	at org.springframework.beans.factory.annotation.AutowiredAnnotationBeanPostProcessor.postProcessProperties(AutowiredAnnotationBeanPostProcessor.java:489)
	at org.springframework.beans.factory.support.AbstractAutowireCapableBeanFactory.populateBean(AbstractAutowireCapableBeanFactory.java:1416)
	at org.springframework.beans.factory.support.AbstractAutowireCapableBeanFactory.doCreateBean(AbstractAutowireCapableBeanFactory.java:597)
	at org.springframework.beans.factory.support.AbstractAutowireCapableBeanFactory.createBean(AbstractAutowireCapableBeanFactory.java:520)
	at org.springframework.beans.factory.support.AbstractBeanFactory.lambda$doGetBean$0(AbstractBeanFactory.java:326)
	at org.springframework.beans.factory.support.DefaultSingletonBeanRegistry.getSingleton(DefaultSingletonBeanRegistry.java:234)
	at org.springframework.beans.factory.support.AbstractBeanFactory.doGetBean(AbstractBeanFactory.java:324)
	at org.springframework.beans.factory.support.AbstractBeanFactory.getBean(AbstractBeanFactory.java:200)
	at org.springframework.beans.factory.support.DefaultListableBeanFactory.preInstantiateSingletons(DefaultListableBeanFactory.java:973)
	at org.springframework.context.support.AbstractApplicationContext.finishBeanFactoryInitialization(AbstractApplicationContext.java:941)
	at org.springframework.context.support.AbstractApplicationContext.refresh(AbstractApplicationContext.java:608)
	at org.springframework.boot.SpringApplication.refresh(SpringApplication.java:734)
	at org.springframework.boot.SpringApplication.refreshContext(SpringApplication.java:436)
	at org.springframework.boot.SpringApplication.run(SpringApplication.java:312)
	at org.springframework.boot.test.context.SpringBootContextLoader.lambda$loadContext$3(SpringBootContextLoader.java:137)
	at org.springframework.util.function.ThrowingSupplier.get(ThrowingSupplier.java:58)
	at org.springframework.util.function.ThrowingSupplier.get(ThrowingSupplier.java:46)
	at org.springframework.boot.SpringApplication.withHook(SpringApplication.java:1406)
	at org.springframework.boot.test.context.SpringBootContextLoader$ContextLoaderHook.run(SpringBootContextLoader.java:545)
	at org.springframework.boot.test.context.SpringBootContextLoader.loadContext(SpringBootContextLoader.java:137)
	at org.springframework.boot.test.context.SpringBootContextLoader.loadContext(SpringBootContextLoader.java:108)
	at org.springframework.test.context.cache.DefaultCacheAwareContextLoaderDelegate.loadContextInternal(DefaultCacheAwareContextLoaderDelegate.java:187)
	at org.springframework.test.context.cache.DefaultCacheAwareContextLoaderDelegate.loadContext(DefaultCacheAwareContextLoaderDelegate.java:119)
	... 86 common frames omitted
Caused by: java.lang.IllegalArgumentException: Could not resolve placeholder 'DB_URL' in value "${DB_URL}"
	at org.springframework.util.PropertyPlaceholderHelper.parseStringValue(PropertyPlaceholderHelper.java:180)
	at org.springframework.util.PropertyPlaceholderHelper.replacePlaceholders(PropertyPlaceholderHelper.java:126)
	at org.springframework.core.env.AbstractPropertyResolver.doResolvePlaceholders(AbstractPropertyResolver.java:239)
	at org.springframework.core.env.AbstractPropertyResolver.resolveRequiredPlaceholders(AbstractPropertyResolver.java:210)
	at org.springframework.context.support.PropertySourcesPlaceholderConfigurer.lambda$processProperties$0(PropertySourcesPlaceholderConfigurer.java:191)
	at org.springframework.beans.factory.support.AbstractBeanFactory.resolveEmbeddedValue(AbstractBeanFactory.java:920)
	at org.springframework.beans.factory.support.DefaultListableBeanFactory.doResolveDependency(DefaultListableBeanFactory.java:1358)
	at org.springframework.beans.factory.support.DefaultListableBeanFactory.resolveDependency(DefaultListableBeanFactory.java:1337)
	at org.springframework.beans.factory.annotation.AutowiredAnnotationBeanPostProcessor$AutowiredFieldElement.resolveFieldValue(AutowiredAnnotationBeanPostProcessor.java:711)
	at org.springframework.beans.factory.annotation.AutowiredAnnotationBeanPostProcessor$AutowiredFieldElement.inject(AutowiredAnnotationBeanPostProcessor.java:694)
	at org.springframework.beans.factory.annotation.InjectionMetadata.inject(InjectionMetadata.java:145)
	at org.springframework.beans.factory.annotation.AutowiredAnnotationBeanPostProcessor.postProcessProperties(AutowiredAnnotationBeanPostProcessor.java:483)
	... 108 common frames omitted
2023-07-02 13:41:59.813 [34mINFO [0;39m [35m382 [0;39m --- [main] [, ] [36mc.s.s.SalguApiApplication[0;39m : Starting SalguApiApplication using Java 17.0.6 with PID 11432 (/Users/salgu/project/salgu/salgu-api/build/classes/java/main started by salgu in /Users/salgu/project/salgu/salgu-api)
2023-07-02 13:41:59.814 [34mINFO [0;39m [35m383 [0;39m --- [main] [, ] [36mc.s.s.SalguApiApplication[0;39m : The following 2 profiles are active: "db", "dev"
2023-07-02 13:42:00.112 [34mINFO [0;39m [35m681 [0;39m --- [main] [, ] [36mo.s.d.r.c.RepositoryConfigurationDelegate[0;39m : Bootstrapping Spring Data JPA repositories in DEFAULT mode.
2023-07-02 13:42:00.129 [34mINFO [0;39m [35m698 [0;39m --- [main] [, ] [36mo.s.d.r.c.RepositoryConfigurationDelegate[0;39m : Finished Spring Data repository scanning in 9 ms. Found 0 JPA repository interfaces.
2023-07-02 13:42:00.395 [34mINFO [0;39m [35m964 [0;39m --- [main] [, ] [36mo.s.b.w.e.t.TomcatWebServer[0;39m : Tomcat initialized with port(s): 18080 (http)
2023-07-02 13:42:00.481 [34mINFO [0;39m [35m1050[0;39m --- [main] [, ] [36mo.s.b.w.s.c.ServletWebServerApplicationContext[0;39m : Root WebApplicationContext: initialization completed in 646 ms
2023-07-02 13:42:01.022 [34mINFO [0;39m [35m1591[0;39m --- [main] [, ] [36mo.s.o.j.p.SpringPersistenceUnitInfo[0;39m : No LoadTimeWeaver setup: ignoring JPA class transformer
2023-07-02 13:42:01.215 [34mINFO [0;39m [35m1784[0;39m --- [main] [, ] [36mo.s.o.j.LocalContainerEntityManagerFactoryBean[0;39m : Initialized JPA EntityManagerFactory for persistence unit 'default'
2023-07-02 13:42:01.222 [31mWARN [0;39m [35m1791[0;39m --- [main] [, ] [36mo.s.b.w.s.c.AnnotationConfigServletWebServerApplicationContext[0;39m : Exception encountered during context initialization - cancelling refresh attempt: org.springframework.beans.factory.BeanCreationException: Error creating bean with name 'helloController': Injection of autowired dependencies failed
2023-07-02 13:42:01.222 [34mINFO [0;39m [35m1791[0;39m --- [main] [, ] [36mo.s.o.j.LocalContainerEntityManagerFactoryBean[0;39m : Closing JPA EntityManagerFactory for persistence unit 'default'
2023-07-02 13:42:01.250 [34mINFO [0;39m [35m1819[0;39m --- [main] [, ] [36mo.s.b.a.l.ConditionEvaluationReportLogger[0;39m : 

Error starting ApplicationContext. To display the condition evaluation report re-run your application with 'debug' enabled.
2023-07-02 13:42:01.260 [1;31mERROR[0;39m [35m1829[0;39m --- [main] [, ] [36mo.s.b.SpringApplication[0;39m : Application run failed
org.springframework.beans.factory.BeanCreationException: Error creating bean with name 'helloController': Injection of autowired dependencies failed
	at org.springframework.beans.factory.annotation.AutowiredAnnotationBeanPostProcessor.postProcessProperties(AutowiredAnnotationBeanPostProcessor.java:489)
	at org.springframework.beans.factory.support.AbstractAutowireCapableBeanFactory.populateBean(AbstractAutowireCapableBeanFactory.java:1416)
	at org.springframework.beans.factory.support.AbstractAutowireCapableBeanFactory.doCreateBean(AbstractAutowireCapableBeanFactory.java:597)
	at org.springframework.beans.factory.support.AbstractAutowireCapableBeanFactory.createBean(AbstractAutowireCapableBeanFactory.java:520)
	at org.springframework.beans.factory.support.AbstractBeanFactory.lambda$doGetBean$0(AbstractBeanFactory.java:326)
	at org.springframework.beans.factory.support.DefaultSingletonBeanRegistry.getSingleton(DefaultSingletonBeanRegistry.java:234)
	at org.springframework.beans.factory.support.AbstractBeanFactory.doGetBean(AbstractBeanFactory.java:324)
	at org.springframework.beans.factory.support.AbstractBeanFactory.getBean(AbstractBeanFactory.java:200)
	at org.springframework.beans.factory.support.DefaultListableBeanFactory.preInstantiateSingletons(DefaultListableBeanFactory.java:973)
	at org.springframework.context.support.AbstractApplicationContext.finishBeanFactoryInitialization(AbstractApplicationContext.java:941)
	at org.springframework.context.support.AbstractApplicationContext.refresh(AbstractApplicationContext.java:608)
	at org.springframework.boot.web.servlet.context.ServletWebServerApplicationContext.refresh(ServletWebServerApplicationContext.java:146)
	at org.springframework.boot.SpringApplication.refresh(SpringApplication.java:734)
	at org.springframework.boot.SpringApplication.refreshContext(SpringApplication.java:436)
	at org.springframework.boot.SpringApplication.run(SpringApplication.java:312)
	at org.springframework.boot.SpringApplication.run(SpringApplication.java:1306)
	at org.springframework.boot.SpringApplication.run(SpringApplication.java:1295)
	at com.salgu.salguapi.SalguApiApplication.main(SalguApiApplication.java:10)
Caused by: java.lang.IllegalArgumentException: Could not resolve placeholder 'DB_URL' in value "${DB_URL}"
	at org.springframework.util.PropertyPlaceholderHelper.parseStringValue(PropertyPlaceholderHelper.java:180)
	at org.springframework.util.PropertyPlaceholderHelper.replacePlaceholders(PropertyPlaceholderHelper.java:126)
	at org.springframework.core.env.AbstractPropertyResolver.doResolvePlaceholders(AbstractPropertyResolver.java:239)
	at org.springframework.core.env.AbstractPropertyResolver.resolveRequiredPlaceholders(AbstractPropertyResolver.java:210)
	at org.springframework.context.support.PropertySourcesPlaceholderConfigurer.lambda$processProperties$0(PropertySourcesPlaceholderConfigurer.java:191)
	at org.springframework.beans.factory.support.AbstractBeanFactory.resolveEmbeddedValue(AbstractBeanFactory.java:920)
	at org.springframework.beans.factory.support.DefaultListableBeanFactory.doResolveDependency(DefaultListableBeanFactory.java:1358)
	at org.springframework.beans.factory.support.DefaultListableBeanFactory.resolveDependency(DefaultListableBeanFactory.java:1337)
	at org.springframework.beans.factory.annotation.AutowiredAnnotationBeanPostProcessor$AutowiredFieldElement.resolveFieldValue(AutowiredAnnotationBeanPostProcessor.java:711)
	at org.springframework.beans.factory.annotation.AutowiredAnnotationBeanPostProcessor$AutowiredFieldElement.inject(AutowiredAnnotationBeanPostProcessor.java:694)
	at org.springframework.beans.factory.annotation.InjectionMetadata.inject(InjectionMetadata.java:145)
	at org.springframework.beans.factory.annotation.AutowiredAnnotationBeanPostProcessor.postProcessProperties(AutowiredAnnotationBeanPostProcessor.java:483)
	... 17 common frames omitted
2023-07-02 13:42:36.932 [34mINFO [0;39m [35m377 [0;39m --- [main] [, ] [36mc.s.s.SalguApiApplication[0;39m : Starting SalguApiApplication using Java 17.0.6 with PID 11440 (/Users/salgu/project/salgu/salgu-api/build/classes/java/main started by salgu in /Users/salgu/project/salgu/salgu-api)
2023-07-02 13:42:36.934 [34mINFO [0;39m [35m379 [0;39m --- [main] [, ] [36mc.s.s.SalguApiApplication[0;39m : The following 2 profiles are active: "db", "dev"
2023-07-02 13:42:37.237 [34mINFO [0;39m [35m682 [0;39m --- [main] [, ] [36mo.s.d.r.c.RepositoryConfigurationDelegate[0;39m : Bootstrapping Spring Data JPA repositories in DEFAULT mode.
2023-07-02 13:42:37.254 [34mINFO [0;39m [35m699 [0;39m --- [main] [, ] [36mo.s.d.r.c.RepositoryConfigurationDelegate[0;39m : Finished Spring Data repository scanning in 9 ms. Found 0 JPA repository interfaces.
2023-07-02 13:42:37.505 [34mINFO [0;39m [35m950 [0;39m --- [main] [, ] [36mo.s.b.w.e.t.TomcatWebServer[0;39m : Tomcat initialized with port(s): 18080 (http)
2023-07-02 13:42:37.573 [34mINFO [0;39m [35m1018[0;39m --- [main] [, ] [36mo.s.b.w.s.c.ServletWebServerApplicationContext[0;39m : Root WebApplicationContext: initialization completed in 619 ms
2023-07-02 13:42:37.996 [34mINFO [0;39m [35m1441[0;39m --- [main] [, ] [36mo.s.o.j.p.SpringPersistenceUnitInfo[0;39m : No LoadTimeWeaver setup: ignoring JPA class transformer
2023-07-02 13:42:38.201 [34mINFO [0;39m [35m1646[0;39m --- [main] [, ] [36mo.s.o.j.LocalContainerEntityManagerFactoryBean[0;39m : Initialized JPA EntityManagerFactory for persistence unit 'default'
2023-07-02 13:42:38.393 [34mINFO [0;39m [35m1838[0;39m --- [main] [, ] [36mo.s.b.w.e.t.TomcatWebServer[0;39m : Tomcat started on port(s): 18080 (http) with context path ''
2023-07-02 13:42:38.399 [34mINFO [0;39m [35m1844[0;39m --- [main] [, ] [36mc.s.s.SalguApiApplication[0;39m : Started SalguApiApplication in 1.659 seconds (process running for 1.934)
2023-07-02 13:42:52.502 [34mINFO [0;39m [35m15947[0;39m --- [http-nio-18080-exec-1] [, ] [36mo.s.w.s.DispatcherServlet[0;39m : Initializing Servlet 'dispatcherServlet'
2023-07-02 13:42:52.504 [34mINFO [0;39m [35m15949[0;39m --- [http-nio-18080-exec-1] [, ] [36mo.s.w.s.DispatcherServlet[0;39m : Completed initialization in 2 ms
2023-07-02 13:42:52.526 [34mINFO [0;39m [35m15971[0;39m --- [http-nio-18080-exec-1] [, ] [36mc.s.s.HelloController[0;39m : HelloController.hello(), hi, dev!, jdbc:mysql://localhost:3307/api?useSSL=true&characterEncoding=UTF-8&serverTimezone=UTC
2023-07-02 13:43:09.042 [34mINFO [0;39m [35m32487[0;39m --- [SpringApplicationShutdownHook] [, ] [36mo.s.o.j.LocalContainerEntityManagerFactoryBean[0;39m : Closing JPA EntityManagerFactory for persistence unit 'default'
2023-07-02 13:43:14.139 [34mINFO [0;39m [35m119 [0;39m --- [Test worker] [, ] [36mo.s.t.c.s.AnnotationConfigContextLoaderUtils[0;39m : Could not detect default configuration classes for test class [com.salgu.salguapi.SalguApiApplicationTests]: SalguApiApplicationTests does not declare any static, non-private, non-final, nested classes annotated with @Configuration.
2023-07-02 13:43:14.187 [34mINFO [0;39m [35m167 [0;39m --- [Test worker] [, ] [36mo.s.b.t.c.SpringBootTestContextBootstrapper[0;39m : Found @SpringBootConfiguration com.salgu.salguapi.SalguApiApplication for test class com.salgu.salguapi.SalguApiApplicationTests
2023-07-02 13:43:14.363 [34mINFO [0;39m [35m343 [0;39m --- [Test worker] [, ] [36mc.s.s.SalguApiApplicationTests[0;39m : Starting SalguApiApplicationTests using Java 17.0.6 with PID 11462 (started by salgu in /Users/salgu/project/salgu/salgu-api)
2023-07-02 13:43:14.364 [34mINFO [0;39m [35m344 [0;39m --- [Test worker] [, ] [36mc.s.s.SalguApiApplicationTests[0;39m : The following 2 profiles are active: "db", "local"
2023-07-02 13:43:14.624 [34mINFO [0;39m [35m604 [0;39m --- [Test worker] [, ] [36mo.s.d.r.c.RepositoryConfigurationDelegate[0;39m : Bootstrapping Spring Data JPA repositories in DEFAULT mode.
2023-07-02 13:43:14.634 [34mINFO [0;39m [35m614 [0;39m --- [Test worker] [, ] [36mo.s.d.r.c.RepositoryConfigurationDelegate[0;39m : Finished Spring Data repository scanning in 6 ms. Found 0 JPA repository interfaces.
2023-07-02 13:43:15.199 [34mINFO [0;39m [35m1179[0;39m --- [Test worker] [, ] [36mo.s.o.j.p.SpringPersistenceUnitInfo[0;39m : No LoadTimeWeaver setup: ignoring JPA class transformer
2023-07-02 13:43:15.375 [34mINFO [0;39m [35m1355[0;39m --- [Test worker] [, ] [36mo.s.o.j.LocalContainerEntityManagerFactoryBean[0;39m : Initialized JPA EntityManagerFactory for persistence unit 'default'
2023-07-02 13:43:15.634 [34mINFO [0;39m [35m1614[0;39m --- [Test worker] [, ] [36mc.s.s.SalguApiApplicationTests[0;39m : Started SalguApiApplicationTests in 1.384 seconds (process running for 1.941)
2023-07-02 13:43:16.008 [34mINFO [0;39m [35m1988[0;39m --- [SpringApplicationShutdownHook] [, ] [36mo.s.o.j.LocalContainerEntityManagerFactoryBean[0;39m : Closing JPA EntityManagerFactory for persistence unit 'default'
